Arguments: 
  /usr/local/bin/node /usr/local/Cellar/yarn/1.5.1_1/libexec/bin/yarn.js start

PATH: 
  /Users/aliaelshennawy/.rvm/gems/ruby-2.6.0/bin:/Users/aliaelshennawy/.rvm/gems/ruby-2.6.0@global/bin:/Users/aliaelshennawy/.rvm/rubies/ruby-2.6.0/bin:/usr/local/php5//bin:/Users/aliaelshennawy/miniconda2/bin:/usr/local/mysql/bin:/usr/local/bin:/usr/bin:/bin:/usr/sbin:/sbin:/Library/Apple/usr/bin:/Users/aliaelshennawy/.rvm/gems/ruby-2.6.0/bin:/Users/aliaelshennawy/.rvm/gems/ruby-2.6.0@global/bin:/Users/aliaelshennawy/.rvm/rubies/ruby-2.6.0/bin:/usr/local/php5//bin:/Users/aliaelshennawy/miniconda2/bin:/usr/local/mysql/bin:/Users/aliaelshennawy/.rvm/bin

Yarn version: 
  1.5.1

Node version: 
  14.10.1

Platform: 
  darwin x64

npm manifest: 
  No manifest

yarn manifest: 
  No manifest

Lockfile: 
  No lockfile

Trace: 
  Error: Couldn't find a package.json file in "/Users/aliaelshennawy/Documents/Holido/holidu-task"
      at new MessageError (/usr/local/Cellar/yarn/1.5.1_1/libexec/lib/cli.js:186:110)
      at /usr/local/Cellar/yarn/1.5.1_1/libexec/lib/cli.js:40048:15
      at Generator.next (<anonymous>)
      at step (/usr/local/Cellar/yarn/1.5.1_1/libexec/lib/cli.js:98:30)
      at /usr/local/Cellar/yarn/1.5.1_1/libexec/lib/cli.js:109:13
